{"/home/igor/projetos_trybe/sd-04-project-trybeer-v2/back-end/config/config.js": {"path":"/home/igor/projetos_trybe/sd-04-project-trybeer-v2/back-end/config/config.js","statementMap":{"0":{"start":{"line":1,"column":0},"end":{"line":1,"column":27}},"1":{"start":{"line":3,"column":0},"end":{"line":25,"column":2}}},"fnMap":{},"branchMap":{},"s":{"0":1,"1":1},"f":{},"b":{},"_coverageSchema":"1a1c01bbd47fc00a2c39e90264f33305004495a9","hash":"ff2e6f795af4c4d533a96b24c98950dc35543ad4"}
,"/home/igor/projetos_trybe/sd-04-project-trybeer-v2/back-end/controllers/checkoutController.js": {"path":"/home/igor/projetos_trybe/sd-04-project-trybeer-v2/back-end/controllers/checkoutController.js","statementMap":{"0":{"start":{"line":2,"column":20},"end":{"line":2,"column":54}},"1":{"start":{"line":3,"column":29},"end":{"line":3,"column":72}},"2":{"start":{"line":5,"column":27},"end":{"line":32,"column":1}},"3":{"start":{"line":6,"column":61},"end":{"line":6,"column":69}},"4":{"start":{"line":7,"column":13},"end":{"line":7,"column":21}},"5":{"start":{"line":8,"column":24},"end":{"line":8,"column":38}},"6":{"start":{"line":10,"column":2},"end":{"line":31,"column":3}},"7":{"start":{"line":11,"column":27},"end":{"line":18,"column":5}},"8":{"start":{"line":20,"column":4},"end":{"line":26,"column":5}},"9":{"start":{"line":20,"column":17},"end":{"line":20,"column":18}},"10":{"start":{"line":21,"column":6},"end":{"line":25,"column":8}},"11":{"start":{"line":28,"column":4},"end":{"line":28,"column":78}},"12":{"start":{"line":30,"column":4},"end":{"line":30,"column":50}},"13":{"start":{"line":34,"column":0},"end":{"line":34,"column":36}}},"fnMap":{"0":{"name":"(anonymous_0)","decl":{"start":{"line":5,"column":27},"end":{"line":5,"column":28}},"loc":{"start":{"line":5,"column":47},"end":{"line":32,"column":1}},"line":5}},"branchMap":{},"s":{"0":1,"1":1,"2":1,"3":1,"4":1,"5":1,"6":1,"7":1,"8":0,"9":0,"10":0,"11":0,"12":1,"13":1},"f":{"0":1},"b":{},"_coverageSchema":"1a1c01bbd47fc00a2c39e90264f33305004495a9","hash":"6c1335db33d4fb2a30972c6d0009a0cba6c23739"}
,"/home/igor/projetos_trybe/sd-04-project-trybeer-v2/back-end/models/Products.js": {"path":"/home/igor/projetos_trybe/sd-04-project-trybeer-v2/back-end/models/Products.js","statementMap":{"0":{"start":{"line":1,"column":17},"end":{"line":12,"column":3}},"1":{"start":{"line":2,"column":2},"end":{"line":12,"column":3}},"2":{"start":{"line":14,"column":0},"end":{"line":14,"column":26}}},"fnMap":{"0":{"name":"(anonymous_0)","decl":{"start":{"line":1,"column":17},"end":{"line":1,"column":18}},"loc":{"start":{"line":2,"column":2},"end":{"line":12,"column":3}},"line":2}},"branchMap":{},"s":{"0":1,"1":1,"2":1},"f":{"0":1},"b":{},"_coverageSchema":"1a1c01bbd47fc00a2c39e90264f33305004495a9","hash":"7c80770f4c06c41c2a480e475a8226b198a77b3d"}
,"/home/igor/projetos_trybe/sd-04-project-trybeer-v2/back-end/models/Sales.js": {"path":"/home/igor/projetos_trybe/sd-04-project-trybeer-v2/back-end/models/Sales.js","statementMap":{"0":{"start":{"line":1,"column":20},"end":{"line":23,"column":1}},"1":{"start":{"line":2,"column":16},"end":{"line":13,"column":3}},"2":{"start":{"line":15,"column":2},"end":{"line":20,"column":4}},"3":{"start":{"line":16,"column":4},"end":{"line":19,"column":7}},"4":{"start":{"line":22,"column":2},"end":{"line":22,"column":15}},"5":{"start":{"line":25,"column":0},"end":{"line":25,"column":29}}},"fnMap":{"0":{"name":"(anonymous_0)","decl":{"start":{"line":1,"column":20},"end":{"line":1,"column":21}},"loc":{"start":{"line":1,"column":46},"end":{"line":23,"column":1}},"line":1},"1":{"name":"(anonymous_1)","decl":{"start":{"line":15,"column":20},"end":{"line":15,"column":21}},"loc":{"start":{"line":15,"column":32},"end":{"line":20,"column":3}},"line":15}},"branchMap":{},"s":{"0":1,"1":1,"2":1,"3":1,"4":1,"5":1},"f":{"0":1,"1":1},"b":{},"_coverageSchema":"1a1c01bbd47fc00a2c39e90264f33305004495a9","hash":"422527b65f8f277853ad48285f53a8d8b230abc6"}
,"/home/igor/projetos_trybe/sd-04-project-trybeer-v2/back-end/models/SalesProducts.js": {"path":"/home/igor/projetos_trybe/sd-04-project-trybeer-v2/back-end/models/SalesProducts.js","statementMap":{"0":{"start":{"line":1,"column":28},"end":{"line":28,"column":1}},"1":{"start":{"line":2,"column":24},"end":{"line":10,"column":3}},"2":{"start":{"line":12,"column":2},"end":{"line":25,"column":4}},"3":{"start":{"line":13,"column":4},"end":{"line":18,"column":7}},"4":{"start":{"line":19,"column":4},"end":{"line":24,"column":7}},"5":{"start":{"line":27,"column":2},"end":{"line":27,"column":23}},"6":{"start":{"line":29,"column":0},"end":{"line":29,"column":37}}},"fnMap":{"0":{"name":"(anonymous_0)","decl":{"start":{"line":1,"column":28},"end":{"line":1,"column":29}},"loc":{"start":{"line":1,"column":54},"end":{"line":28,"column":1}},"line":1},"1":{"name":"(anonymous_1)","decl":{"start":{"line":12,"column":28},"end":{"line":12,"column":29}},"loc":{"start":{"line":12,"column":40},"end":{"line":25,"column":3}},"line":12}},"branchMap":{},"s":{"0":1,"1":1,"2":1,"3":1,"4":1,"5":1,"6":1},"f":{"0":1,"1":1},"b":{},"_coverageSchema":"1a1c01bbd47fc00a2c39e90264f33305004495a9","hash":"2e0fed5da71c88b166e96db3d662e4993758d003"}
,"/home/igor/projetos_trybe/sd-04-project-trybeer-v2/back-end/models/Users.js": {"path":"/home/igor/projetos_trybe/sd-04-project-trybeer-v2/back-end/models/Users.js","statementMap":{"0":{"start":{"line":1,"column":20},"end":{"line":23,"column":1}},"1":{"start":{"line":2,"column":16},"end":{"line":13,"column":3}},"2":{"start":{"line":15,"column":2},"end":{"line":20,"column":4}},"3":{"start":{"line":16,"column":4},"end":{"line":19,"column":7}},"4":{"start":{"line":22,"column":2},"end":{"line":22,"column":15}},"5":{"start":{"line":25,"column":0},"end":{"line":25,"column":29}}},"fnMap":{"0":{"name":"(anonymous_0)","decl":{"start":{"line":1,"column":20},"end":{"line":1,"column":21}},"loc":{"start":{"line":1,"column":46},"end":{"line":23,"column":1}},"line":1},"1":{"name":"(anonymous_1)","decl":{"start":{"line":15,"column":20},"end":{"line":15,"column":21}},"loc":{"start":{"line":15,"column":32},"end":{"line":20,"column":3}},"line":15}},"branchMap":{},"s":{"0":1,"1":1,"2":1,"3":1,"4":1,"5":1},"f":{"0":1,"1":1},"b":{},"_coverageSchema":"1a1c01bbd47fc00a2c39e90264f33305004495a9","hash":"afcf19c29c8db3a3bc6208c705b4a3475b2db9ff"}
,"/home/igor/projetos_trybe/sd-04-project-trybeer-v2/back-end/models/index.js": {"path":"/home/igor/projetos_trybe/sd-04-project-trybeer-v2/back-end/models/index.js","statementMap":{"0":{"start":{"line":1,"column":11},"end":{"line":1,"column":24}},"1":{"start":{"line":2,"column":13},"end":{"line":2,"column":28}},"2":{"start":{"line":3,"column":18},"end":{"line":3,"column":38}},"3":{"start":{"line":4,"column":17},"end":{"line":4,"column":42}},"4":{"start":{"line":5,"column":12},"end":{"line":5,"column":49}},"5":{"start":{"line":6,"column":15},"end":{"line":6,"column":63}},"6":{"start":{"line":7,"column":11},"end":{"line":7,"column":13}},"7":{"start":{"line":10,"column":0},"end":{"line":14,"column":1}},"8":{"start":{"line":11,"column":2},"end":{"line":11,"column":74}},"9":{"start":{"line":13,"column":2},"end":{"line":13,"column":87}},"10":{"start":{"line":16,"column":0},"end":{"line":24,"column":5}},"11":{"start":{"line":19,"column":4},"end":{"line":19,"column":90}},"12":{"start":{"line":22,"column":18},"end":{"line":22,"column":85}},"13":{"start":{"line":23,"column":4},"end":{"line":23,"column":27}},"14":{"start":{"line":26,"column":0},"end":{"line":30,"column":3}},"15":{"start":{"line":27,"column":2},"end":{"line":29,"column":3}},"16":{"start":{"line":28,"column":4},"end":{"line":28,"column":32}},"17":{"start":{"line":32,"column":0},"end":{"line":32,"column":25}},"18":{"start":{"line":33,"column":0},"end":{"line":33,"column":25}},"19":{"start":{"line":35,"column":0},"end":{"line":35,"column":20}}},"fnMap":{"0":{"name":"(anonymous_0)","decl":{"start":{"line":18,"column":10},"end":{"line":18,"column":11}},"loc":{"start":{"line":18,"column":18},"end":{"line":20,"column":3}},"line":18},"1":{"name":"(anonymous_1)","decl":{"start":{"line":21,"column":11},"end":{"line":21,"column":12}},"loc":{"start":{"line":21,"column":19},"end":{"line":24,"column":3}},"line":21},"2":{"name":"(anonymous_2)","decl":{"start":{"line":26,"column":24},"end":{"line":26,"column":25}},"loc":{"start":{"line":26,"column":37},"end":{"line":30,"column":1}},"line":26}},"branchMap":{"0":{"loc":{"start":{"line":5,"column":12},"end":{"line":5,"column":49}},"type":"binary-expr","locations":[{"start":{"line":5,"column":12},"end":{"line":5,"column":32}},{"start":{"line":5,"column":36},"end":{"line":5,"column":49}}],"line":5},"1":{"loc":{"start":{"line":10,"column":0},"end":{"line":14,"column":1}},"type":"if","locations":[{"start":{"line":10,"column":0},"end":{"line":14,"column":1}},{"start":{"line":10,"column":0},"end":{"line":14,"column":1}}],"line":10},"2":{"loc":{"start":{"line":19,"column":11},"end":{"line":19,"column":89}},"type":"binary-expr","locations":[{"start":{"line":19,"column":12},"end":{"line":19,"column":35}},{"start":{"line":19,"column":41},"end":{"line":19,"column":58}},{"start":{"line":19,"column":64},"end":{"line":19,"column":88}}],"line":19},"3":{"loc":{"start":{"line":27,"column":2},"end":{"line":29,"column":3}},"type":"if","locations":[{"start":{"line":27,"column":2},"end":{"line":29,"column":3}},{"start":{"line":27,"column":2},"end":{"line":29,"column":3}}],"line":27}},"s":{"0":1,"1":1,"2":1,"3":1,"4":1,"5":1,"6":1,"7":1,"8":0,"9":1,"10":1,"11":5,"12":4,"13":4,"14":1,"15":4,"16":3,"17":1,"18":1,"19":1},"f":{"0":5,"1":4,"2":4},"b":{"0":[1,0],"1":[0,1],"2":[5,5,4],"3":[3,1]},"_coverageSchema":"1a1c01bbd47fc00a2c39e90264f33305004495a9","hash":"cf37ca7ec386ff740e79e72b1bea3dc29e43b716"}
,"/home/igor/projetos_trybe/sd-04-project-trybeer-v2/back-end/services/saleService.js": {"path":"/home/igor/projetos_trybe/sd-04-project-trybeer-v2/back-end/services/saleService.js","statementMap":{"0":{"start":{"line":1,"column":18},"end":{"line":1,"column":38}},"1":{"start":{"line":2,"column":21},"end":{"line":2,"column":41}},"2":{"start":{"line":4,"column":28},"end":{"line":21,"column":1}},"3":{"start":{"line":12,"column":18},"end":{"line":19,"column":4}},"4":{"start":{"line":20,"column":2},"end":{"line":20,"column":17}},"5":{"start":{"line":23,"column":26},"end":{"line":26,"column":1}},"6":{"start":{"line":24,"column":21},"end":{"line":24,"column":69}},"7":{"start":{"line":25,"column":2},"end":{"line":25,"column":20}},"8":{"start":{"line":28,"column":28},"end":{"line":31,"column":1}},"9":{"start":{"line":29,"column":19},"end":{"line":29,"column":40}},"10":{"start":{"line":30,"column":2},"end":{"line":30,"column":18}},"11":{"start":{"line":33,"column":26},"end":{"line":44,"column":1}},"12":{"start":{"line":34,"column":20},"end":{"line":42,"column":4}},"13":{"start":{"line":43,"column":2},"end":{"line":43,"column":19}},"14":{"start":{"line":46,"column":32},"end":{"line":49,"column":1}},"15":{"start":{"line":47,"column":24},"end":{"line":47,"column":73}},"16":{"start":{"line":48,"column":2},"end":{"line":48,"column":23}},"17":{"start":{"line":51,"column":0},"end":{"line":57,"column":2}}},"fnMap":{"0":{"name":"(anonymous_0)","decl":{"start":{"line":4,"column":28},"end":{"line":4,"column":29}},"loc":{"start":{"line":11,"column":5},"end":{"line":21,"column":1}},"line":11},"1":{"name":"(anonymous_1)","decl":{"start":{"line":23,"column":26},"end":{"line":23,"column":27}},"loc":{"start":{"line":23,"column":41},"end":{"line":26,"column":1}},"line":23},"2":{"name":"(anonymous_2)","decl":{"start":{"line":28,"column":28},"end":{"line":28,"column":29}},"loc":{"start":{"line":28,"column":40},"end":{"line":31,"column":1}},"line":28},"3":{"name":"(anonymous_3)","decl":{"start":{"line":33,"column":26},"end":{"line":33,"column":27}},"loc":{"start":{"line":33,"column":40},"end":{"line":44,"column":1}},"line":33},"4":{"name":"(anonymous_4)","decl":{"start":{"line":46,"column":32},"end":{"line":46,"column":33}},"loc":{"start":{"line":46,"column":54},"end":{"line":49,"column":1}},"line":46}},"branchMap":{},"s":{"0":1,"1":1,"2":1,"3":1,"4":0,"5":1,"6":1,"7":1,"8":1,"9":1,"10":1,"11":1,"12":1,"13":1,"14":1,"15":0,"16":0,"17":1},"f":{"0":1,"1":1,"2":1,"3":1,"4":0},"b":{},"_coverageSchema":"1a1c01bbd47fc00a2c39e90264f33305004495a9","hash":"251aaef72c383e617dff8dd2f3ef155034a828d5"}
,"/home/igor/projetos_trybe/sd-04-project-trybeer-v2/back-end/services/salesProductsService.js": {"path":"/home/igor/projetos_trybe/sd-04-project-trybeer-v2/back-end/services/salesProductsService.js","statementMap":{"0":{"start":{"line":1,"column":26},"end":{"line":1,"column":46}},"1":{"start":{"line":3,"column":37},"end":{"line":15,"column":1}},"2":{"start":{"line":4,"column":2},"end":{"line":14,"column":3}},"3":{"start":{"line":5,"column":26},"end":{"line":9,"column":6}},"4":{"start":{"line":11,"column":4},"end":{"line":11,"column":25}},"5":{"start":{"line":13,"column":4},"end":{"line":13,"column":28}},"6":{"start":{"line":17,"column":0},"end":{"line":19,"column":2}}},"fnMap":{"0":{"name":"(anonymous_0)","decl":{"start":{"line":3,"column":37},"end":{"line":3,"column":38}},"loc":{"start":{"line":3,"column":76},"end":{"line":15,"column":1}},"line":3}},"branchMap":{},"s":{"0":1,"1":1,"2":1,"3":1,"4":0,"5":1,"6":1},"f":{"0":1},"b":{},"_coverageSchema":"1a1c01bbd47fc00a2c39e90264f33305004495a9","hash":"b282a49d3d95f79479a9108469f92af764b014a2"}
}
