{"total": {"lines":{"total":82,"covered":74,"skipped":0,"pct":90.24},"statements":{"total":83,"covered":74,"skipped":0,"pct":89.16},"functions":{"total":17,"covered":16,"skipped":0,"pct":94.12},"branches":{"total":9,"covered":7,"skipped":0,"pct":77.78}}
,"/home/igor/projetos_trybe/sd-04-project-trybeer-v2/back-end/config/config.js": {"lines":{"total":2,"covered":2,"skipped":0,"pct":100},"functions":{"total":0,"covered":0,"skipped":0,"pct":100},"statements":{"total":2,"covered":2,"skipped":0,"pct":100},"branches":{"total":0,"covered":0,"skipped":0,"pct":100}}
,"/home/igor/projetos_trybe/sd-04-project-trybeer-v2/back-end/controllers/checkoutController.js": {"lines":{"total":13,"covered":10,"skipped":0,"pct":76.92},"functions":{"total":1,"covered":1,"skipped":0,"pct":100},"statements":{"total":14,"covered":10,"skipped":0,"pct":71.43},"branches":{"total":0,"covered":0,"skipped":0,"pct":100}}
,"/home/igor/projetos_trybe/sd-04-project-trybeer-v2/back-end/models/Products.js": {"lines":{"total":3,"covered":3,"skipped":0,"pct":100},"functions":{"total":1,"covered":1,"skipped":0,"pct":100},"statements":{"total":3,"covered":3,"skipped":0,"pct":100},"branches":{"total":0,"covered":0,"skipped":0,"pct":100}}
,"/home/igor/projetos_trybe/sd-04-project-trybeer-v2/back-end/models/Sales.js": {"lines":{"total":6,"covered":6,"skipped":0,"pct":100},"functions":{"total":2,"covered":2,"skipped":0,"pct":100},"statements":{"total":6,"covered":6,"skipped":0,"pct":100},"branches":{"total":0,"covered":0,"skipped":0,"pct":100}}
,"/home/igor/projetos_trybe/sd-04-project-trybeer-v2/back-end/models/SalesProducts.js": {"lines":{"total":7,"covered":7,"skipped":0,"pct":100},"functions":{"total":2,"covered":2,"skipped":0,"pct":100},"statements":{"total":7,"covered":7,"skipped":0,"pct":100},"branches":{"total":0,"covered":0,"skipped":0,"pct":100}}
,"/home/igor/projetos_trybe/sd-04-project-trybeer-v2/back-end/models/Users.js": {"lines":{"total":6,"covered":6,"skipped":0,"pct":100},"functions":{"total":2,"covered":2,"skipped":0,"pct":100},"statements":{"total":6,"covered":6,"skipped":0,"pct":100},"branches":{"total":0,"covered":0,"skipped":0,"pct":100}}
,"/home/igor/projetos_trybe/sd-04-project-trybeer-v2/back-end/models/index.js": {"lines":{"total":20,"covered":19,"skipped":0,"pct":95},"functions":{"total":3,"covered":3,"skipped":0,"pct":100},"statements":{"total":20,"covered":19,"skipped":0,"pct":95},"branches":{"total":9,"covered":7,"skipped":0,"pct":77.78}}
,"/home/igor/projetos_trybe/sd-04-project-trybeer-v2/back-end/services/saleService.js": {"lines":{"total":18,"covered":15,"skipped":0,"pct":83.33},"functions":{"total":5,"covered":4,"skipped":0,"pct":80},"statements":{"total":18,"covered":15,"skipped":0,"pct":83.33},"branches":{"total":0,"covered":0,"skipped":0,"pct":100}}
,"/home/igor/projetos_trybe/sd-04-project-trybeer-v2/back-end/services/salesProductsService.js": {"lines":{"total":7,"covered":6,"skipped":0,"pct":85.71},"functions":{"total":1,"covered":1,"skipped":0,"pct":100},"statements":{"total":7,"covered":6,"skipped":0,"pct":85.71},"branches":{"total":0,"covered":0,"skipped":0,"pct":100}}
}
